<?xml version="1.0" encoding="UTF-8"?>
<!-- Generated by org.testng.reporters.JUnitXMLReporter -->
<testsuite ignored="0" hostname="DESKTOP-QGD3E8F" failures="0" tests="3" name="Command line test" time="52.576" errors="0" timestamp="2022-07-27T22:15:55 COT">
  <testcase classname="tests.Tests" name="LoginIncorrecto" time="9.959"/>
  <testcase classname="tests.Tests" name="fligthReservation" time="14.222"/>
  <testcase classname="tests.Tests" name="pruebaInputsNumber" time="0.156"/>
</testsuite> <!-- Command line test -->
